[debug] ----------------------------------------------------------------------
[debug] Command:      C:\Program Files\nodejs\node.exe D:\spike-firebase\quickstart-js\messaging\node_modules\firebase-tools\bin\firebase serve -p 8081
[debug] CLI Version:  3.0.8
[debug] Platform:     win32
[debug] Node Version: v6.3.1
[debug] Time:         Wed Oct 19 2016 15:07:20 GMT+0700 (SE Asia Standard Time)
[debug] ----------------------------------------------------------------------
[debug] 
[info] Starting Firebase development server...
[info] 
[info] Project Directory: D:\spike-firebase\quickstart-js\messaging
[info] Public Directory: ./
[info] 
[info] Server listening at: http://localhost:8081
[debug] ----------------------------------------------------------------------
[debug] Command:      C:\Program Files\nodejs\node.exe D:\spike-firebase\quickstart-js\messaging\node_modules\firebase-tools\bin\firebase serve -p 8081
[debug] CLI Version:  3.0.8
[debug] Platform:     win32
[debug] Node Version: v6.3.1
[debug] Time:         Wed Oct 19 2016 17:09:01 GMT+0700 (SE Asia Standard Time)
[debug] ----------------------------------------------------------------------
[debug] 
[info] Starting Firebase development server...
[info] 
[info] Project Directory: D:\spike-firebase\quickstart-js\messaging
[info] Public Directory: ./
[info] 
[info] Server listening at: http://localhost:8081
[debug] ----------------------------------------------------------------------
[debug] Command:      C:\Program Files\nodejs\node.exe D:\spike-firebase\quickstart-js\messaging\node_modules\firebase-tools\bin\firebase serve -p 8081
[debug] CLI Version:  3.0.8
[debug] Platform:     win32
[debug] Node Version: v6.3.1
[debug] Time:         Thu Oct 20 2016 10:01:00 GMT+0700 (SE Asia Standard Time)
[debug] ----------------------------------------------------------------------
[debug] 
[info] Starting Firebase development server...
[info] 
[info] Project Directory: D:\spike-firebase\quickstart-js\messaging
[info] Public Directory: ./
[info] 
[info] Server listening at: http://localhost:8081
[debug] ----------------------------------------------------------------------
[debug] Command:      C:\Program Files\nodejs\node.exe D:\spike-firebase\quickstart-js\messaging\node_modules\firebase-tools\bin\firebase serve -p 8081
[debug] CLI Version:  3.0.8
[debug] Platform:     win32
[debug] Node Version: v6.3.1
[debug] Time:         Thu Oct 20 2016 10:42:04 GMT+0700 (SE Asia Standard Time)
[debug] ----------------------------------------------------------------------
[debug] 
[info] Starting Firebase development server...
[info] 
[info] Project Directory: D:\spike-firebase\quickstart-js\messaging
[info] Public Directory: ./
[info] 
[info] Server listening at: http://localhost:8081
[debug] ----------------------------------------------------------------------
[debug] Command:      C:\Program Files\nodejs\node.exe D:\spike-firebase\quickstart-js\messaging\node_modules\firebase-tools\bin\firebase serve -p 8081
[debug] CLI Version:  3.0.8
[debug] Platform:     win32
[debug] Node Version: v6.3.1
[debug] Time:         Thu Oct 20 2016 10:42:14 GMT+0700 (SE Asia Standard Time)
[debug] ----------------------------------------------------------------------
[debug] 
[info] Starting Firebase development server...
[info] 
[info] Project Directory: D:\spike-firebase\quickstart-js\messaging
[info] Public Directory: ./
[info] 
[info] Server listening at: http://localhost:8081
[debug] ----------------------------------------------------------------------
[debug] Command:      C:\Program Files\nodejs\node.exe D:\spike-firebase\quickstart-js\messaging\node_modules\firebase-tools\bin\firebase serve -p 9000
[debug] CLI Version:  3.0.8
[debug] Platform:     win32
[debug] Node Version: v6.3.1
[debug] Time:         Thu Oct 20 2016 10:42:21 GMT+0700 (SE Asia Standard Time)
[debug] ----------------------------------------------------------------------
[debug] 
[info] Starting Firebase development server...
[info] 
[info] Project Directory: D:\spike-firebase\quickstart-js\messaging
[info] Public Directory: ./
[info] 
[info] Server listening at: http://localhost:9000
[debug] ----------------------------------------------------------------------
[debug] Command:      C:\Program Files\nodejs\node.exe D:\spike-firebase\quickstart-js\messaging\node_modules\firebase-tools\bin\firebase serve -p 9000
[debug] CLI Version:  3.0.8
[debug] Platform:     win32
[debug] Node Version: v6.3.1
[debug] Time:         Thu Oct 20 2016 15:31:53 GMT+0700 (SE Asia Standard Time)
[debug] ----------------------------------------------------------------------
[debug] 
[info] Starting Firebase development server...
[info] 
[info] Project Directory: D:\spike-firebase\quickstart-js\messaging
[info] Public Directory: ./
[info] 
[info] Server listening at: http://localhost:9000
[debug] ----------------------------------------------------------------------
[debug] Command:      C:\Program Files\nodejs\node.exe D:\spike-firebase\quickstart-js\messaging\node_modules\firebase-tools\bin\firebase serve -p 9001
[debug] CLI Version:  3.0.8
[debug] Platform:     win32
[debug] Node Version: v6.3.1
[debug] Time:         Thu Oct 20 2016 15:32:02 GMT+0700 (SE Asia Standard Time)
[debug] ----------------------------------------------------------------------
[debug] 
[info] Starting Firebase development server...
[info] 
[info] Project Directory: D:\spike-firebase\quickstart-js\messaging
[info] Public Directory: ./
[info] 
[info] Server listening at: http://localhost:9001
[debug] ----------------------------------------------------------------------
[debug] Command:      C:\Program Files\nodejs\node.exe D:\spike-firebase\quickstart-js\messaging\node_modules\firebase-tools\bin\firebase serve -p 9000
[debug] CLI Version:  3.0.8
[debug] Platform:     win32
[debug] Node Version: v6.3.1
[debug] Time:         Fri Oct 21 2016 11:32:10 GMT+0700 (SE Asia Standard Time)
[debug] ----------------------------------------------------------------------
[debug] 
[info] Starting Firebase development server...
[info] 
[info] Project Directory: D:\spike-firebase\quickstart-js\messaging
[info] Public Directory: ./
[info] 
[info] Server listening at: http://localhost:9000
[debug] ----------------------------------------------------------------------
[debug] Command:      C:\Program Files\nodejs\node.exe D:\spike-firebase\quickstart-js\messaging\node_modules\firebase-tools\bin\firebase serve -p 9001
[debug] CLI Version:  3.0.8
[debug] Platform:     win32
[debug] Node Version: v6.3.1
[debug] Time:         Fri Oct 21 2016 11:32:10 GMT+0700 (SE Asia Standard Time)
[debug] ----------------------------------------------------------------------
[debug] 
[info] Starting Firebase development server...
[info] 
[info] Project Directory: D:\spike-firebase\quickstart-js\messaging
[info] Public Directory: ./
[info] 
[info] Server listening at: http://localhost:9001
